2020/03/23 15:51:28 にビルドを開始しました。
     1>ノード 2 上のプロジェクト "C:\Users\tree_\Desktop\renew_old\renew.vcxproj" (Rebuild ターゲット)。
     1>C:\Program Files (x86)\MSBuild\12.0\bin\Microsoft.Common.CurrentVersion.targets(1635,5): warning MSB3246: 解決されたファイルには、無効なイメージが含まれているか、メタデータが存在しないか、またはアクセスできません。ファイルまたはアセンブリ 'renew.h'、またはその依存関係の 1 つが読み込めませんでした。間違ったフォーマットのプログラムを読み込もうとしました。
     1>C:\Program Files (x86)\MSBuild\12.0\bin\Microsoft.Common.CurrentVersion.targets(1635,5): warning MSB3246: 解決されたファイルには、無効なイメージが含まれているか、メタデータが存在しないか、またはアクセスできません。ファイルまたはアセンブリ 'struct.h'、またはその依存関係の 1 つが読み込めませんでした。間違ったフォーマットのプログラムを読み込もうとしました。
     1>ClCompile:
         C:\Program Files (x86)\Microsoft Visual Studio 12.0\VC\bin\CL.exe /c /Zi /nologo /W3 /WX- /O2 /Oi /Oy- /GL /D WIN32 /D NDEBUG /D _CONSOLE /D _MBCS /Gm- /EHsc /MT /GS /Gy /fp:precise /Zc:wchar_t /Zc:forScope /Fo"Release\\" /Fd"Release\vc120.pdb" /Gd /TP /analyze- /errorReport:prompt /D_CRT_SECURE_NO_WARNINGS source\main.cpp source\sub1.cpp source\sub2.cpp source\sub3.cpp
         main.cpp
         sub1.cpp
         sub2.cpp
         sub3.cpp
       Link:
         C:\Program Files (x86)\Microsoft Visual Studio 12.0\VC\bin\link.exe /ERRORREPORT:PROMPT /OUT:"C:\Users\tree_\Desktop\renew_old\Release\renew.exe" /INCREMENTAL:NO /NOLOGO kernel32.lib user32.lib gdi32.lib winspool.lib comdlg32.lib advapi32.lib shell32.lib ole32.lib oleaut32.lib uuid.lib odbc32.lib odbccp32.lib /MANIFEST /MANIFESTUAC:"level='asInvoker' uiAccess='false'" /manifest:embed /DEBUG /PDB:"C:\Users\tree_\Desktop\renew_old\Release\renew.pdb" /SUBSYSTEM:CONSOLE /OPT:REF /OPT:ICF /LTCG /TLBID:1 /DYNAMICBASE /NXCOMPAT /IMPLIB:"C:\Users\tree_\Desktop\renew_old\Release\renew.lib" /MACHINE:X86 /SAFESEH Release\main.obj
         Release\sub1.obj
         Release\sub2.obj
         Release\sub3.obj
         コード生成しています。
         コード生成が終了しました。
         renew.vcxproj -> C:\Users\tree_\Desktop\renew_old\Release\renew.exe
     1>プロジェクト "C:\Users\tree_\Desktop\renew_old\renew.vcxproj" (Rebuild ターゲット) のビルドが完了しました。

ビルドに成功しました。

経過時間 00:00:04.24
